                                 Started job on |	Jun 03 18:31:23
                             Started mapping on |	Jun 03 18:31:24
                                    Finished on |	Jun 03 18:31:33
       Mapping speed, Million of reads per hour |	0.25

                          Number of input reads |	632
                      Average input read length |	59
                                    UNIQUE READS:
                   Uniquely mapped reads number |	416
                        Uniquely mapped reads % |	65.82%
                          Average mapped length |	65.78
                       Number of splices: Total |	25
            Number of splices: Annotated (sjdb) |	5
                       Number of splices: GT/AG |	21
                       Number of splices: GC/AG |	1
                       Number of splices: AT/AC |	0
               Number of splices: Non-canonical |	3
                      Mismatch rate per base, % |	0.52%
                         Deletion rate per base |	0.20%
                        Deletion average length |	2.16
                        Insertion rate per base |	0.07%
                       Insertion average length |	3.33
                             MULTI-MAPPING READS:
        Number of reads mapped to multiple loci |	212
             % of reads mapped to multiple loci |	33.54%
        Number of reads mapped to too many loci |	0
             % of reads mapped to too many loci |	0.00%
                                  UNMAPPED READS:
       % of reads unmapped: too many mismatches |	0.00%
                 % of reads unmapped: too short |	0.47%
                     % of reads unmapped: other |	0.16%
                                  CHIMERIC READS:
                       Number of chimeric reads |	0
                            % of chimeric reads |	0.00%
