                                 Started job on |	Aug 29 16:47:46
                             Started mapping on |	Aug 29 16:47:50
                                    Finished on |	Aug 29 16:47:53
       Mapping speed, Million of reads per hour |	0.78

                          Number of input reads |	649
                      Average input read length |	52
                                    UNIQUE READS:
                   Uniquely mapped reads number |	117
                        Uniquely mapped reads % |	18.03%
                          Average mapped length |	82.80
                       Number of splices: Total |	7
            Number of splices: Annotated (sjdb) |	6
                       Number of splices: GT/AG |	7
                       Number of splices: GC/AG |	0
                       Number of splices: AT/AC |	0
               Number of splices: Non-canonical |	0
                      Mismatch rate per base, % |	0.25%
                         Deletion rate per base |	0.25%
                        Deletion average length |	2.18
                        Insertion rate per base |	0.00%
                       Insertion average length |	0.00
                             MULTI-MAPPING READS:
        Number of reads mapped to multiple loci |	169
             % of reads mapped to multiple loci |	26.04%
        Number of reads mapped to too many loci |	0
             % of reads mapped to too many loci |	0.00%
                                  UNMAPPED READS:
       % of reads unmapped: too many mismatches |	0.00%
                 % of reads unmapped: too short |	0.77%
                     % of reads unmapped: other |	55.16%
                                  CHIMERIC READS:
                       Number of chimeric reads |	0
                            % of chimeric reads |	0.00%
