                                 Started job on |	Aug 29 16:47:53
                             Started mapping on |	Aug 29 16:47:53
                                    Finished on |	Aug 29 16:47:55
       Mapping speed, Million of reads per hour |	1.17

                          Number of input reads |	649
                      Average input read length |	52
                                    UNIQUE READS:
                   Uniquely mapped reads number |	148
                        Uniquely mapped reads % |	22.80%
                          Average mapped length |	49.51
                       Number of splices: Total |	0
            Number of splices: Annotated (sjdb) |	0
                       Number of splices: GT/AG |	0
                       Number of splices: GC/AG |	0
                       Number of splices: AT/AC |	0
               Number of splices: Non-canonical |	0
                      Mismatch rate per base, % |	3.12%
                         Deletion rate per base |	0.00%
                        Deletion average length |	0.00
                        Insertion rate per base |	0.00%
                       Insertion average length |	0.00
                             MULTI-MAPPING READS:
        Number of reads mapped to multiple loci |	421
             % of reads mapped to multiple loci |	64.87%
        Number of reads mapped to too many loci |	0
             % of reads mapped to too many loci |	0.00%
                                  UNMAPPED READS:
       % of reads unmapped: too many mismatches |	0.15%
                 % of reads unmapped: too short |	12.17%
                     % of reads unmapped: other |	0.00%
                                  CHIMERIC READS:
                       Number of chimeric reads |	0
                            % of chimeric reads |	0.00%
