                                 Started job on |	Jul 10 15:52:46
                             Started mapping on |	Jul 10 15:52:51
                                    Finished on |	Jul 10 15:53:00
       Mapping speed, Million of reads per hour |	2.11

                          Number of input reads |	5272
                      Average input read length |	55
                                    UNIQUE READS:
                   Uniquely mapped reads number |	906
                        Uniquely mapped reads % |	17.19%
                          Average mapped length |	103.15
                       Number of splices: Total |	59
            Number of splices: Annotated (sjdb) |	40
                       Number of splices: GT/AG |	50
                       Number of splices: GC/AG |	1
                       Number of splices: AT/AC |	0
               Number of splices: Non-canonical |	8
                      Mismatch rate per base, % |	0.23%
                         Deletion rate per base |	0.33%
                        Deletion average length |	2.26
                        Insertion rate per base |	0.00%
                       Insertion average length |	2.00
                             MULTI-MAPPING READS:
        Number of reads mapped to multiple loci |	1930
             % of reads mapped to multiple loci |	36.61%
        Number of reads mapped to too many loci |	0
             % of reads mapped to too many loci |	0.00%
                                  UNMAPPED READS:
       % of reads unmapped: too many mismatches |	0.00%
                 % of reads unmapped: too short |	0.19%
                     % of reads unmapped: other |	46.02%
                                  CHIMERIC READS:
                       Number of chimeric reads |	0
                            % of chimeric reads |	0.00%
