                                 Started job on |	Jun 16 18:56:31
                             Started mapping on |	Jun 16 18:56:33
                                    Finished on |	Jun 16 18:56:34
       Mapping speed, Million of reads per hour |	0.72

                          Number of input reads |	200
                      Average input read length |	41
                                    UNIQUE READS:
                   Uniquely mapped reads number |	125
                        Uniquely mapped reads % |	62.50%
                          Average mapped length |	37.33
                       Number of splices: Total |	66
            Number of splices: Annotated (sjdb) |	0
                       Number of splices: GT/AG |	10
                       Number of splices: GC/AG |	0
                       Number of splices: AT/AC |	0
               Number of splices: Non-canonical |	56
                      Mismatch rate per base, % |	1.50%
                         Deletion rate per base |	0.00%
                        Deletion average length |	0.00
                        Insertion rate per base |	0.00%
                       Insertion average length |	0.00
                             MULTI-MAPPING READS:
        Number of reads mapped to multiple loci |	0
             % of reads mapped to multiple loci |	0.00%
        Number of reads mapped to too many loci |	0
             % of reads mapped to too many loci |	0.00%
                                  UNMAPPED READS:
       % of reads unmapped: too many mismatches |	0.00%
                 % of reads unmapped: too short |	37.50%
                     % of reads unmapped: other |	0.00%
                                  CHIMERIC READS:
                       Number of chimeric reads |	0
                            % of chimeric reads |	0.00%
