STAR version=STAR_2.6.1d
STAR compilation time,server,dir=Fri Nov 16 17:02:31 EST 2018 florence.cshl.edu:/sonas-hs/gingeras/nlsas_norepl/user/dobin/STAR/STAR.master/source
##### DEFAULT parameters:
versionSTAR                       20201
versionGenome                     20101   20200   
parametersFiles                   -   
sysShell                          -
runMode                           alignReads
runThreadN                        1
runDirPerm                        User_RWX
runRNGseed                        777
genomeDir                         ./GenomeDir/
genomeLoad                        NoSharedMemory
genomeFastaFiles                  -   
genomeChainFiles                  -   
genomeSAindexNbases               14
genomeChrBinNbits                 18
genomeSAsparseD                   1
genomeSuffixLengthMax             18446744073709551615
genomeFileSizes                   0   
genomeConsensusFile               -
readFilesType                     Fastx   
readFilesIn                       Read1   Read2   
readFilesPrefix                   -
readFilesCommand                  -   
readMatesLengthsIn                NotEqual
readMapNumber                     18446744073709551615
readNameSeparator                 /   
inputBAMfile                      -
bamRemoveDuplicatesType           -
bamRemoveDuplicatesMate2basesN    0
limitGenomeGenerateRAM            31000000000
limitIObufferSize                 150000000
limitOutSAMoneReadBytes           100000
limitOutSJcollapsed               1000000
limitOutSJoneRead                 1000
limitBAMsortRAM                   0
limitSjdbInsertNsj                1000000
outFileNamePrefix                 ./
outTmpDir                         -
outTmpKeep                        None
outStd                            Log
outReadsUnmapped                  None
outQSconversionAdd                0
outMultimapperOrder               Old_2.4
outSAMtype                        SAM   
outSAMmode                        Full
outSAMstrandField                 None
outSAMattributes                  Standard   
outSAMunmapped                    None   
outSAMorder                       Paired
outSAMprimaryFlag                 OneBestScore
outSAMreadID                      Standard
outSAMmapqUnique                  255
outSAMflagOR                      0
outSAMflagAND                     65535
outSAMattrRGline                  -   
outSAMheaderHD                    -   
outSAMheaderPG                    -   
outSAMheaderCommentFile           -
outBAMcompression                 1
outBAMsortingThreadN              0
outBAMsortingBinsN                50
outSAMfilter                      None   
outSAMmultNmax                    18446744073709551615
outSAMattrIHstart                 1
outSAMtlen                        1
outSJfilterReads                  All
outSJfilterCountUniqueMin         3   1   1   1   
outSJfilterCountTotalMin          3   1   1   1   
outSJfilterOverhangMin            30   12   12   12   
outSJfilterDistToOtherSJmin       10   0   5   10   
outSJfilterIntronMaxVsReadN       50000   100000   200000   
outWigType                        None   
outWigStrand                      Stranded   
outWigReferencesPrefix            -
outWigNorm                        RPM   
outFilterType                     Normal
outFilterMultimapNmax             10
outFilterMultimapScoreRange       1
outFilterScoreMin                 0
outFilterScoreMinOverLread        0.66
outFilterMatchNmin                0
outFilterMatchNminOverLread       0.66
outFilterMismatchNmax             10
outFilterMismatchNoverLmax        0.3
outFilterMismatchNoverReadLmax    1
outFilterIntronMotifs             None
outFilterIntronStrands            RemoveInconsistentStrands
clip5pNbases                      0   
clip3pNbases                      0   
clip3pAfterAdapterNbases          0   
clip3pAdapterSeq                  -   
clip3pAdapterMMp                  0.1   
winBinNbits                       16
winAnchorDistNbins                9
winFlankNbins                     4
winAnchorMultimapNmax             50
winReadCoverageRelativeMin        0.5
winReadCoverageBasesMin           0
scoreGap                          0
scoreGapNoncan                    -8
scoreGapGCAG                      -4
scoreGapATAC                      -8
scoreStitchSJshift                1
scoreGenomicLengthLog2scale       -0.25
scoreDelBase                      -2
scoreDelOpen                      -2
scoreInsOpen                      -2
scoreInsBase                      -2
seedSearchLmax                    0
seedSearchStartLmax               50
seedSearchStartLmaxOverLread      1
seedPerReadNmax                   1000
seedPerWindowNmax                 50
seedNoneLociPerWindow             10
seedMultimapNmax                  10000
seedSplitMin                      12
alignIntronMin                    21
alignIntronMax                    0
alignMatesGapMax                  0
alignTranscriptsPerReadNmax       10000
alignSJoverhangMin                5
alignSJDBoverhangMin              3
alignSJstitchMismatchNmax         0   -1   0   0   
alignSplicedMateMapLmin           0
alignSplicedMateMapLminOverLmate    0.66
alignWindowsPerReadNmax           10000
alignTranscriptsPerWindowNmax     100
alignEndsType                     Local
alignSoftClipAtReferenceEnds      Yes
alignEndsProtrude                 0   ConcordantPair   
alignInsertionFlush               None
peOverlapNbasesMin                0
peOverlapMMp                      0.01
chimSegmentMin                    0
chimScoreMin                      0
chimScoreDropMax                  20
chimScoreSeparation               10
chimScoreJunctionNonGTAG          -1
chimMainSegmentMultNmax           10
chimJunctionOverhangMin           20
chimOutType                       Junctions   
chimFilter                        banGenomicN   
chimSegmentReadGapMax             0
chimMultimapNmax                  0
chimMultimapScoreRange            1
chimNonchimScoreDropMin           20
chimOutJunctionFormat             0   
sjdbFileChrStartEnd               -   
sjdbGTFfile                       -
sjdbGTFchrPrefix                  -
sjdbGTFfeatureExon                exon
sjdbGTFtagExonParentTranscript    transcript_id
sjdbGTFtagExonParentGene          gene_id
sjdbOverhang                      100
sjdbScore                         2
sjdbInsertSave                    Basic
varVCFfile                        -
waspOutputMode                    None
quantMode                         -   
quantTranscriptomeBAMcompression    1
quantTranscriptomeBan             IndelSoftclipSingleend
twopass1readsN                    18446744073709551615
twopassMode                       None
##### Command Line:
STAR --runThreadN 8 --runMode genomeGenerate --genomeDir /data/home/sdarmon/Document/stage-M2/scr/../../results/droso/genome --genomeFastaFiles /data/home/sdarmon/Document/data/droso/genes.fasta --sjdbGTFfile /data/home/sdarmon/Document/data/droso/ref.gff -sjdbOverhang 74 --genomeSAindexNbases 13 --genomeSAsparseD 4
##### Initial USER parameters from Command Line:
###### All USER parameters from Command Line:
runThreadN                    8     ~RE-DEFINED
runMode                       genomeGenerate     ~RE-DEFINED
genomeDir                     /data/home/sdarmon/Document/stage-M2/scr/../../results/droso/genome     ~RE-DEFINED
genomeFastaFiles              /data/home/sdarmon/Document/data/droso/genes.fasta        ~RE-DEFINED
sjdbGTFfile                   /data/home/sdarmon/Document/data/droso/ref.gff     ~RE-DEFINED
genomeSAindexNbases           13     ~RE-DEFINED
genomeSAsparseD               4     ~RE-DEFINED
##### Finished reading parameters from all sources

##### Final user re-defined parameters-----------------:
runMode                           genomeGenerate
runThreadN                        8
genomeDir                         /data/home/sdarmon/Document/stage-M2/scr/../../results/droso/genome
genomeFastaFiles                  /data/home/sdarmon/Document/data/droso/genes.fasta   
genomeSAindexNbases               13
genomeSAsparseD                   4
sjdbGTFfile                       /data/home/sdarmon/Document/data/droso/ref.gff

-------------------------------
##### Final effective command line:
STAR   --runMode genomeGenerate   --runThreadN 8   --genomeDir /data/home/sdarmon/Document/stage-M2/scr/../../results/droso/genome   --genomeFastaFiles /data/home/sdarmon/Document/data/droso/genes.fasta      --genomeSAindexNbases 13   --genomeSAsparseD 4   --sjdbGTFfile /data/home/sdarmon/Document/data/droso/ref.gff

##### Final parameters after user input--------------------------------:
versionSTAR                       20201
versionGenome                     20101   20200   
parametersFiles                   -   
sysShell                          -
runMode                           genomeGenerate
runThreadN                        8
runDirPerm                        User_RWX
runRNGseed                        777
genomeDir                         /data/home/sdarmon/Document/stage-M2/scr/../../results/droso/genome
genomeLoad                        NoSharedMemory
genomeFastaFiles                  /data/home/sdarmon/Document/data/droso/genes.fasta   
genomeChainFiles                  -   
genomeSAindexNbases               13
genomeChrBinNbits                 18
genomeSAsparseD                   4
genomeSuffixLengthMax             18446744073709551615
genomeFileSizes                   0   
genomeConsensusFile               -
readFilesType                     Fastx   
readFilesIn                       Read1   Read2   
readFilesPrefix                   -
readFilesCommand                  -   
readMatesLengthsIn                NotEqual
readMapNumber                     18446744073709551615
readNameSeparator                 /   
inputBAMfile                      -
bamRemoveDuplicatesType           -
bamRemoveDuplicatesMate2basesN    0
limitGenomeGenerateRAM            31000000000
limitIObufferSize                 150000000
limitOutSAMoneReadBytes           100000
limitOutSJcollapsed               1000000
limitOutSJoneRead                 1000
limitBAMsortRAM                   0
limitSjdbInsertNsj                1000000
outFileNamePrefix                 ./
outTmpDir                         -
outTmpKeep                        None
outStd                            Log
outReadsUnmapped                  None
outQSconversionAdd                0
outMultimapperOrder               Old_2.4
outSAMtype                        SAM   
outSAMmode                        Full
outSAMstrandField                 None
outSAMattributes                  Standard   
outSAMunmapped                    None   
outSAMorder                       Paired
outSAMprimaryFlag                 OneBestScore
outSAMreadID                      Standard
outSAMmapqUnique                  255
outSAMflagOR                      0
outSAMflagAND                     65535
outSAMattrRGline                  -   
outSAMheaderHD                    -   
outSAMheaderPG                    -   
outSAMheaderCommentFile           -
outBAMcompression                 1
outBAMsortingThreadN              0
outBAMsortingBinsN                50
outSAMfilter                      None   
outSAMmultNmax                    18446744073709551615
outSAMattrIHstart                 1
outSAMtlen                        1
outSJfilterReads                  All
outSJfilterCountUniqueMin         3   1   1   1   
outSJfilterCountTotalMin          3   1   1   1   
outSJfilterOverhangMin            30   12   12   12   
outSJfilterDistToOtherSJmin       10   0   5   10   
outSJfilterIntronMaxVsReadN       50000   100000   200000   
outWigType                        None   
outWigStrand                      Stranded   
outWigReferencesPrefix            -
outWigNorm                        RPM   
outFilterType                     Normal
outFilterMultimapNmax             10
outFilterMultimapScoreRange       1
outFilterScoreMin                 0
outFilterScoreMinOverLread        0.66
outFilterMatchNmin                0
outFilterMatchNminOverLread       0.66
outFilterMismatchNmax             10
outFilterMismatchNoverLmax        0.3
outFilterMismatchNoverReadLmax    1
outFilterIntronMotifs             None
outFilterIntronStrands            RemoveInconsistentStrands
clip5pNbases                      0   
clip3pNbases                      0   
clip3pAfterAdapterNbases          0   
clip3pAdapterSeq                  -   
clip3pAdapterMMp                  0.1   
winBinNbits                       16
winAnchorDistNbins                9
winFlankNbins                     4
winAnchorMultimapNmax             50
winReadCoverageRelativeMin        0.5
winReadCoverageBasesMin           0
scoreGap                          0
scoreGapNoncan                    -8
scoreGapGCAG                      -4
scoreGapATAC                      -8
scoreStitchSJshift                1
scoreGenomicLengthLog2scale       -0.25
scoreDelBase                      -2
scoreDelOpen                      -2
scoreInsOpen                      -2
scoreInsBase                      -2
seedSearchLmax                    0
seedSearchStartLmax               50
seedSearchStartLmaxOverLread      1
seedPerReadNmax                   1000
seedPerWindowNmax                 50
seedNoneLociPerWindow             10
seedMultimapNmax                  10000
seedSplitMin                      12
alignIntronMin                    21
alignIntronMax                    0
alignMatesGapMax                  0
alignTranscriptsPerReadNmax       10000
alignSJoverhangMin                5
alignSJDBoverhangMin              3
alignSJstitchMismatchNmax         0   -1   0   0   
alignSplicedMateMapLmin           0
alignSplicedMateMapLminOverLmate    0.66
alignWindowsPerReadNmax           10000
alignTranscriptsPerWindowNmax     100
alignEndsType                     Local
alignSoftClipAtReferenceEnds      Yes
alignEndsProtrude                 0   ConcordantPair   
alignInsertionFlush               None
peOverlapNbasesMin                0
peOverlapMMp                      0.01
chimSegmentMin                    0
chimScoreMin                      0
chimScoreDropMax                  20
chimScoreSeparation               10
chimScoreJunctionNonGTAG          -1
chimMainSegmentMultNmax           10
chimJunctionOverhangMin           20
chimOutType                       Junctions   
chimFilter                        banGenomicN   
chimSegmentReadGapMax             0
chimMultimapNmax                  0
chimMultimapScoreRange            1
chimNonchimScoreDropMin           20
chimOutJunctionFormat             0   
sjdbFileChrStartEnd               -   
sjdbGTFfile                       /data/home/sdarmon/Document/data/droso/ref.gff
sjdbGTFchrPrefix                  -
sjdbGTFfeatureExon                exon
sjdbGTFtagExonParentTranscript    transcript_id
sjdbGTFtagExonParentGene          gene_id
sjdbOverhang                      100
sjdbScore                         2
sjdbInsertSave                    Basic
varVCFfile                        -
waspOutputMode                    None
quantMode                         -   
quantTranscriptomeBAMcompression    1
quantTranscriptomeBan             IndelSoftclipSingleend
twopass1readsN                    18446744073709551615
twopassMode                       None
----------------------------------------

Finished loading and checking parameters
Dec 04 16:03:19 ... starting to generate Genome files
/data/home/sdarmon/Document/data/droso/genes.fasta : chr # 0  "211000022278098_RaGOO" chrStart: 0
/data/home/sdarmon/Document/data/droso/genes.fasta : chr # 1  "211000022278195_RaGOO" chrStart: 262144
/data/home/sdarmon/Document/data/droso/genes.fasta : chr # 2  "211000022278205_RaGOO" chrStart: 524288
/data/home/sdarmon/Document/data/droso/genes.fasta : chr # 3  "211000022278217_RaGOO" chrStart: 786432
/data/home/sdarmon/Document/data/droso/genes.fasta : chr # 4  "211000022278219_RaGOO" chrStart: 1048576
/data/home/sdarmon/Document/data/droso/genes.fasta : chr # 5  "211000022278273_RaGOO" chrStart: 1310720
/data/home/sdarmon/Document/data/droso/genes.fasta : chr # 6  "211000022278284_RaGOO" chrStart: 1572864
/data/home/sdarmon/Document/data/droso/genes.fasta : chr # 7  "211000022278341_RaGOO" chrStart: 1835008
/data/home/sdarmon/Document/data/droso/genes.fasta : chr # 8  "211000022278376_RaGOO" chrStart: 2097152
/data/home/sdarmon/Document/data/droso/genes.fasta : chr # 9  "211000022278378_RaGOO" chrStart: 2359296
/data/home/sdarmon/Document/data/droso/genes.fasta : chr # 10  "211000022278415_RaGOO" chrStart: 2621440
/data/home/sdarmon/Document/data/droso/genes.fasta : chr # 11  "211000022278515_RaGOO" chrStart: 2883584
/data/home/sdarmon/Document/data/droso/genes.fasta : chr # 12  "211000022278525_RaGOO" chrStart: 3145728
/data/home/sdarmon/Document/data/droso/genes.fasta : chr # 13  "211000022278556_RaGOO" chrStart: 3407872
/data/home/sdarmon/Document/data/droso/genes.fasta : chr # 14  "211000022278612_RaGOO" chrStart: 3670016
/data/home/sdarmon/Document/data/droso/genes.fasta : chr # 15  "211000022278683_RaGOO" chrStart: 3932160
/data/home/sdarmon/Document/data/droso/genes.fasta : chr # 16  "211000022278744_RaGOO" chrStart: 4194304
/data/home/sdarmon/Document/data/droso/genes.fasta : chr # 17  "211000022278868_RaGOO" chrStart: 4456448
/data/home/sdarmon/Document/data/droso/genes.fasta : chr # 18  "211000022278875_RaGOO" chrStart: 4718592
/data/home/sdarmon/Document/data/droso/genes.fasta : chr # 19  "211000022278926_RaGOO" chrStart: 4980736
/data/home/sdarmon/Document/data/droso/genes.fasta : chr # 20  "211000022278934_RaGOO" chrStart: 5242880
/data/home/sdarmon/Document/data/droso/genes.fasta : chr # 21  "211000022278953_RaGOO" chrStart: 5505024
/data/home/sdarmon/Document/data/droso/genes.fasta : chr # 22  "211000022278966_RaGOO" chrStart: 5767168
/data/home/sdarmon/Document/data/droso/genes.fasta : chr # 23  "211000022279001_RaGOO" chrStart: 6029312
/data/home/sdarmon/Document/data/droso/genes.fasta : chr # 24  "211000022279094_RaGOO" chrStart: 6291456
/data/home/sdarmon/Document/data/droso/genes.fasta : chr # 25  "211000022279122_RaGOO" chrStart: 6553600
/data/home/sdarmon/Document/data/droso/genes.fasta : chr # 26  "211000022279147_RaGOO" chrStart: 6815744
/data/home/sdarmon/Document/data/droso/genes.fasta : chr # 27  "211000022279177_RaGOO" chrStart: 7077888
/data/home/sdarmon/Document/data/droso/genes.fasta : chr # 28  "211000022279214_RaGOO" chrStart: 7340032
/data/home/sdarmon/Document/data/droso/genes.fasta : chr # 29  "211000022279237_RaGOO" chrStart: 7602176
/data/home/sdarmon/Document/data/droso/genes.fasta : chr # 30  "211000022279276_RaGOO" chrStart: 7864320
/data/home/sdarmon/Document/data/droso/genes.fasta : chr # 31  "211000022279333_RaGOO" chrStart: 8126464
/data/home/sdarmon/Document/data/droso/genes.fasta : chr # 32  "211000022279366_RaGOO" chrStart: 8388608
/data/home/sdarmon/Document/data/droso/genes.fasta : chr # 33  "211000022279396_RaGOO" chrStart: 8650752
/data/home/sdarmon/Document/data/droso/genes.fasta : chr # 34  "211000022279420_RaGOO" chrStart: 8912896
/data/home/sdarmon/Document/data/droso/genes.fasta : chr # 35  "211000022279424_RaGOO" chrStart: 9175040
/data/home/sdarmon/Document/data/droso/genes.fasta : chr # 36  "211000022279431_RaGOO" chrStart: 9437184
/data/home/sdarmon/Document/data/droso/genes.fasta : chr # 37  "211000022279449_RaGOO" chrStart: 9699328
/data/home/sdarmon/Document/data/droso/genes.fasta : chr # 38  "211000022279559_RaGOO" chrStart: 9961472
/data/home/sdarmon/Document/data/droso/genes.fasta : chr # 39  "211000022279579_RaGOO" chrStart: 10223616
/data/home/sdarmon/Document/data/droso/genes.fasta : chr # 40  "211000022279688_RaGOO" chrStart: 10485760
/data/home/sdarmon/Document/data/droso/genes.fasta : chr # 41  "211000022279777_RaGOO" chrStart: 10747904
/data/home/sdarmon/Document/data/droso/genes.fasta : chr # 42  "211000022279780_RaGOO" chrStart: 11010048
/data/home/sdarmon/Document/data/droso/genes.fasta : chr # 43  "211000022279870_RaGOO" chrStart: 11272192
/data/home/sdarmon/Document/data/droso/genes.fasta : chr # 44  "211000022279887_RaGOO" chrStart: 11534336
/data/home/sdarmon/Document/data/droso/genes.fasta : chr # 45  "211000022279931_RaGOO" chrStart: 11796480
/data/home/sdarmon/Document/data/droso/genes.fasta : chr # 46  "211000022279940_RaGOO" chrStart: 12058624
/data/home/sdarmon/Document/data/droso/genes.fasta : chr # 47  "211000022279970_RaGOO" chrStart: 12320768
/data/home/sdarmon/Document/data/droso/genes.fasta : chr # 48  "211000022279973_RaGOO" chrStart: 12582912
/data/home/sdarmon/Document/data/droso/genes.fasta : chr # 49  "211000022280144_RaGOO" chrStart: 12845056
/data/home/sdarmon/Document/data/droso/genes.fasta : chr # 50  "211000022280187_RaGOO" chrStart: 13107200
/data/home/sdarmon/Document/data/droso/genes.fasta : chr # 51  "211000022280259_RaGOO" chrStart: 13369344
/data/home/sdarmon/Document/data/droso/genes.fasta : chr # 52  "211000022280322_RaGOO" chrStart: 13631488
/data/home/sdarmon/Document/data/droso/genes.fasta : chr # 53  "211000022280328_RaGOO" chrStart: 13893632
/data/home/sdarmon/Document/data/droso/genes.fasta : chr # 54  "211000022280437_RaGOO" chrStart: 14155776
/data/home/sdarmon/Document/data/droso/genes.fasta : chr # 55  "211000022280456_RaGOO" chrStart: 14417920
/data/home/sdarmon/Document/data/droso/genes.fasta : chr # 56  "211000022280459_RaGOO" chrStart: 14680064
/data/home/sdarmon/Document/data/droso/genes.fasta : chr # 57  "211000022280471_RaGOO" chrStart: 14942208
/data/home/sdarmon/Document/data/droso/genes.fasta : chr # 58  "211000022280473_RaGOO" chrStart: 15204352
/data/home/sdarmon/Document/data/droso/genes.fasta : chr # 59  "211000022280476_RaGOO" chrStart: 15466496
/data/home/sdarmon/Document/data/droso/genes.fasta : chr # 60  "211000022280497_RaGOO" chrStart: 15728640
/data/home/sdarmon/Document/data/droso/genes.fasta : chr # 61  "211000022280504_RaGOO" chrStart: 15990784
/data/home/sdarmon/Document/data/droso/genes.fasta : chr # 62  "211000022280518_RaGOO" chrStart: 16252928
/data/home/sdarmon/Document/data/droso/genes.fasta : chr # 63  "211000022280522_RaGOO" chrStart: 16515072
/data/home/sdarmon/Document/data/droso/genes.fasta : chr # 64  "211000022280659_RaGOO" chrStart: 16777216
/data/home/sdarmon/Document/data/droso/genes.fasta : chr # 65  "211000022280684_RaGOO" chrStart: 17039360
/data/home/sdarmon/Document/data/droso/genes.fasta : chr # 66  "211000022280698_RaGOO" chrStart: 17301504
/data/home/sdarmon/Document/data/droso/genes.fasta : chr # 67  "211000022280703_RaGOO" chrStart: 17563648
/data/home/sdarmon/Document/data/droso/genes.fasta : chr # 68  "211000022280727_RaGOO" chrStart: 17825792
/data/home/sdarmon/Document/data/droso/genes.fasta : chr # 69  "211000022280735_RaGOO" chrStart: 18087936
/data/home/sdarmon/Document/data/droso/genes.fasta : chr # 70  "211000022280748_RaGOO" chrStart: 18350080
/data/home/sdarmon/Document/data/droso/genes.fasta : chr # 71  "211000022280761_RaGOO" chrStart: 18612224
/data/home/sdarmon/Document/data/droso/genes.fasta : chr # 72  "2Cen_mapped_Scaffold_43_D1668_RaGOO" chrStart: 18874368
/data/home/sdarmon/Document/data/droso/genes.fasta : chr # 73  "2L_RaGOO" chrStart: 19136512
/data/home/sdarmon/Document/data/droso/genes.fasta : chr # 74  "2R_RaGOO" chrStart: 41943040
/data/home/sdarmon/Document/data/droso/genes.fasta : chr # 75  "3Cen_mapped_Scaffold_1_D1896_D1895_RaGOO" chrStart: 66060288
/data/home/sdarmon/Document/data/droso/genes.fasta : chr # 76  "3Cen_mapped_Scaffold_27_D1777_RaGOO" chrStart: 66322432
/data/home/sdarmon/Document/data/droso/genes.fasta : chr # 77  "3Cen_mapped_Scaffold_41_D1641_RaGOO" chrStart: 66584576
/data/home/sdarmon/Document/data/droso/genes.fasta : chr # 78  "3L_RaGOO" chrStart: 66846720
/data/home/sdarmon/Document/data/droso/genes.fasta : chr # 79  "3R_RaGOO" chrStart: 93585408
/data/home/sdarmon/Document/data/droso/genes.fasta : chr # 80  "4_RaGOO" chrStart: 124780544
/data/home/sdarmon/Document/data/droso/genes.fasta : chr # 81  "Unmapped_Scaffold_11_D1754_RaGOO" chrStart: 126091264
/data/home/sdarmon/Document/data/droso/genes.fasta : chr # 82  "Unmapped_Scaffold_17_D1756_D1775_RaGOO" chrStart: 126353408
/data/home/sdarmon/Document/data/droso/genes.fasta : chr # 83  "Unmapped_Scaffold_22_D1753_RaGOO" chrStart: 126615552
/data/home/sdarmon/Document/data/droso/genes.fasta : chr # 84  "Unmapped_Scaffold_29_D1705_RaGOO" chrStart: 126877696
/data/home/sdarmon/Document/data/droso/genes.fasta : chr # 85  "Unmapped_Scaffold_32_D1773_RaGOO" chrStart: 127139840
/data/home/sdarmon/Document/data/droso/genes.fasta : chr # 86  "Unmapped_Scaffold_37_D1608_RaGOO" chrStart: 127401984
/data/home/sdarmon/Document/data/droso/genes.fasta : chr # 87  "Unmapped_Scaffold_44_D1670_RaGOO" chrStart: 127664128
/data/home/sdarmon/Document/data/droso/genes.fasta : chr # 88  "Unmapped_Scaffold_48_D1678_RaGOO" chrStart: 127926272
/data/home/sdarmon/Document/data/droso/genes.fasta : chr # 89  "Unmapped_Scaffold_4_D1555_D1692_RaGOO" chrStart: 128188416
/data/home/sdarmon/Document/data/droso/genes.fasta : chr # 90  "Unmapped_Scaffold_52_D1739_RaGOO" chrStart: 128450560
/data/home/sdarmon/Document/data/droso/genes.fasta : chr # 91  "Unmapped_Scaffold_60_D1601_RaGOO" chrStart: 128712704
/data/home/sdarmon/Document/data/droso/genes.fasta : chr # 92  "Unmapped_Scaffold_8_D1580_D1567_RaGOO" chrStart: 128974848
/data/home/sdarmon/Document/data/droso/genes.fasta : chr # 93  "X_RaGOO" chrStart: 129236992
/data/home/sdarmon/Document/data/droso/genes.fasta : chr # 94  "XY_mapped_Scaffold_42_D1648_RaGOO" chrStart: 151519232
/data/home/sdarmon/Document/data/droso/genes.fasta : chr # 95  "XY_mapped_Scaffold_7_D1574_RaGOO" chrStart: 151781376
/data/home/sdarmon/Document/data/droso/genes.fasta : chr # 96  "Y_RaGOO" chrStart: 152043520
/data/home/sdarmon/Document/data/droso/genes.fasta : chr # 97  "Y_mapped_Scaffold_12_D1771_RaGOO" chrStart: 153616384
/data/home/sdarmon/Document/data/droso/genes.fasta : chr # 98  "Y_mapped_Scaffold_15_D1727_RaGOO" chrStart: 153878528
/data/home/sdarmon/Document/data/droso/genes.fasta : chr # 99  "Y_mapped_Scaffold_18_D1698_RaGOO" chrStart: 154140672
/data/home/sdarmon/Document/data/droso/genes.fasta : chr # 100  "Y_mapped_Scaffold_20_D1762_D1719_RaGOO" chrStart: 154402816
/data/home/sdarmon/Document/data/droso/genes.fasta : chr # 101  "Y_mapped_Scaffold_23_D1638_RaGOO" chrStart: 154664960
/data/home/sdarmon/Document/data/droso/genes.fasta : chr # 102  "Y_mapped_Scaffold_26_D1717_RaGOO" chrStart: 154927104
/data/home/sdarmon/Document/data/droso/genes.fasta : chr # 103  "Y_mapped_Scaffold_30_D1720_RaGOO" chrStart: 155189248
/data/home/sdarmon/Document/data/droso/genes.fasta : chr # 104  "Y_mapped_Scaffold_34_D1584_RaGOO" chrStart: 155451392
/data/home/sdarmon/Document/data/droso/genes.fasta : chr # 105  "Y_mapped_Scaffold_5_D1748_D1610_RaGOO" chrStart: 155713536
/data/home/sdarmon/Document/data/droso/genes.fasta : chr # 106  "Y_mapped_Scaffold_9_D1573_RaGOO" chrStart: 155975680
/data/home/sdarmon/Document/data/droso/genes.fasta : chr # 107  "mitochondrion_genome_RaGOO" chrStart: 156237824
/data/home/sdarmon/Document/data/droso/genes.fasta : chr # 108  "rDNA_RaGOO" chrStart: 156499968
/data/home/sdarmon/Document/data/droso/genes.fasta : chr # 109  "Chr0_RaGOO" chrStart: 156762112
Estimated genome size=358548544   157548544   201000000
GstrandBit=32
Number of SA indices: 65241524
Dec 04 16:03:23 ... starting to sort Suffix Array. This may take a long time...
Number of chunks: 8;   chunks size limit: 74561736 bytes
Dec 04 16:03:23 ... sorting Suffix Array chunks and saving them to disk...
Writing 12096040 bytes into /data/home/sdarmon/Document/stage-M2/scr/../../results/droso/genome/SA_7 ; empty space on disk = 3672490627072 bytes ... done
Writing 74458640 bytes into /data/home/sdarmon/Document/stage-M2/scr/../../results/droso/genome/SA_0 ; empty space on disk = 3672478527488 bytes ... done
Writing 73786224 bytes into /data/home/sdarmon/Document/stage-M2/scr/../../results/droso/genome/SA_2 ; empty space on disk = 3672404066304 bytes ... done
Writing 70693072 bytes into /data/home/sdarmon/Document/stage-M2/scr/../../results/droso/genome/SA_6 ; empty space on disk = 3672330276864 bytes ...Writing 73635704 bytes into /data/home/sdarmon/Document/stage-M2/scr/../../results/droso/genome/SA_3 ; empty space on disk = 3672314216448 bytes ... done
 done
Writing 70821616 bytes into /data/home/sdarmon/Document/stage-M2/scr/../../results/droso/genome/SA_1 ; empty space on disk = 3672185942016 bytes ...Writing 73998936 bytes into /data/home/sdarmon/Document/stage-M2/scr/../../results/droso/genome/SA_5 ; empty space on disk = 3672148185088 bytes ... done
 done
Writing 72441960 bytes into /data/home/sdarmon/Document/stage-M2/scr/../../results/droso/genome/SA_4 ; empty space on disk = 3672041111552 bytes ... done
Dec 04 16:03:30 ... loading chunks from disk, packing SA...
Dec 04 16:03:32 ... finished generating suffix array
Dec 04 16:03:32 ... generating Suffix Array index
Dec 04 16:03:42 ... completed Suffix Array index
Dec 04 16:03:42 ..... processing annotations GTF
WARNING: while processing pGe.sjdbGTFfile=/data/home/sdarmon/Document/data/droso/ref.gff: overlapping or touching exons:
2L_RaGOO	1377551	1377688
2L_RaGOO	1377689	1377794
WARNING: while processing pGe.sjdbGTFfile=/data/home/sdarmon/Document/data/droso/ref.gff: overlapping or touching exons:
2L_RaGOO	4573230	4576773
2L_RaGOO	4576774	4577121
WARNING: while processing pGe.sjdbGTFfile=/data/home/sdarmon/Document/data/droso/ref.gff: overlapping or touching exons:
2L_RaGOO	4573230	4576773
2L_RaGOO	4576774	4577121
WARNING: while processing pGe.sjdbGTFfile=/data/home/sdarmon/Document/data/droso/ref.gff: overlapping or touching exons:
2L_RaGOO	4573230	4576773
2L_RaGOO	4576774	4577121
WARNING: while processing pGe.sjdbGTFfile=/data/home/sdarmon/Document/data/droso/ref.gff: overlapping or touching exons:
2L_RaGOO	4573230	4576773
2L_RaGOO	4576774	4577121
WARNING: while processing pGe.sjdbGTFfile=/data/home/sdarmon/Document/data/droso/ref.gff: overlapping or touching exons:
2L_RaGOO	4573230	4576773
2L_RaGOO	4576774	4577121
WARNING: while processing pGe.sjdbGTFfile=/data/home/sdarmon/Document/data/droso/ref.gff: overlapping or touching exons:
2L_RaGOO	4573230	4576773
2L_RaGOO	4576774	4577121
WARNING: while processing pGe.sjdbGTFfile=/data/home/sdarmon/Document/data/droso/ref.gff: overlapping or touching exons:
2L_RaGOO	4573230	4576773
2L_RaGOO	4576774	4577121
WARNING: while processing pGe.sjdbGTFfile=/data/home/sdarmon/Document/data/droso/ref.gff: overlapping or touching exons:
2L_RaGOO	4573230	4576773
2L_RaGOO	4576774	4577121
WARNING: while processing pGe.sjdbGTFfile=/data/home/sdarmon/Document/data/droso/ref.gff: overlapping or touching exons:
2L_RaGOO	4573230	4576773
2L_RaGOO	4576774	4577121
WARNING: while processing pGe.sjdbGTFfile=/data/home/sdarmon/Document/data/droso/ref.gff: overlapping or touching exons:
2L_RaGOO	4573230	4576773
2L_RaGOO	4576774	4577121
WARNING: while processing pGe.sjdbGTFfile=/data/home/sdarmon/Document/data/droso/ref.gff: overlapping or touching exons:
2L_RaGOO	4573230	4576773
2L_RaGOO	4576774	4577121
WARNING: while processing pGe.sjdbGTFfile=/data/home/sdarmon/Document/data/droso/ref.gff: overlapping or touching exons:
2L_RaGOO	4573230	4576773
2L_RaGOO	4576774	4577121
WARNING: while processing pGe.sjdbGTFfile=/data/home/sdarmon/Document/data/droso/ref.gff: overlapping or touching exons:
3R_RaGOO	22260895	22261107
3R_RaGOO	22261108	22261288
WARNING: while processing pGe.sjdbGTFfile=/data/home/sdarmon/Document/data/droso/ref.gff: overlapping or touching exons:
X_RaGOO	953824	953909
X_RaGOO	953910	954331
WARNING: while processing pGe.sjdbGTFfile=/data/home/sdarmon/Document/data/droso/ref.gff: overlapping or touching exons:
X_RaGOO	953824	953909
X_RaGOO	953910	954331
WARNING: while processing pGe.sjdbGTFfile=/data/home/sdarmon/Document/data/droso/ref.gff: overlapping or touching exons:
X_RaGOO	953824	953909
X_RaGOO	953910	954331
WARNING: while processing pGe.sjdbGTFfile=/data/home/sdarmon/Document/data/droso/ref.gff: overlapping or touching exons:
X_RaGOO	953824	953909
X_RaGOO	953910	954331
WARNING: while processing pGe.sjdbGTFfile=/data/home/sdarmon/Document/data/droso/ref.gff: overlapping or touching exons:
X_RaGOO	14613529	14614068
X_RaGOO	14614068	14614509
WARNING: while processing pGe.sjdbGTFfile=/data/home/sdarmon/Document/data/droso/ref.gff: overlapping or touching exons:
X_RaGOO	14613529	14614068
X_RaGOO	14614068	14614509
WARNING: while processing pGe.sjdbGTFfile=/data/home/sdarmon/Document/data/droso/ref.gff: overlapping or touching exons:
X_RaGOO	15595465	15596259
X_RaGOO	15596260	15597654
WARNING: while processing pGe.sjdbGTFfile=/data/home/sdarmon/Document/data/droso/ref.gff: overlapping or touching exons:
X_RaGOO	15596260	15597654
X_RaGOO	15597655	15599526
WARNING: while processing pGe.sjdbGTFfile=/data/home/sdarmon/Document/data/droso/ref.gff: overlapping or touching exons:
X_RaGOO	15597655	15599526
X_RaGOO	15599527	15603520
WARNING: while processing pGe.sjdbGTFfile=/data/home/sdarmon/Document/data/droso/ref.gff: overlapping or touching exons:
X_RaGOO	15599527	15603520
X_RaGOO	15603521	15604883
Processing pGe.sjdbGTFfile=/data/home/sdarmon/Document/data/droso/ref.gff, found:
		33970 transcripts
		185218 exons (non-collapsed)
		59506 collapsed junctions
Dec 04 16:03:44 ..... finished GTF processing
Dec 04 16:03:44   Loaded database junctions from the GTF file: /data/home/sdarmon/Document/data/droso/ref.gff: 59506 total junctions

Dec 04 16:03:44   Finished preparing junctions
Dec 04 16:03:44 ..... inserting junctions into the genome indices
Dec 04 16:03:51   Finished SA search: number of new junctions=59504, old junctions=0
Dec 04 16:04:01   Finished sorting SA indicesL nInd=23801600
Genome size with junctions=169508848  157548544   11960304
GstrandBit1=32   GstrandBit=32
Dec 04 16:04:03   Finished inserting junction indices
Dec 04 16:04:08   Finished SAi
Dec 04 16:04:08 ..... finished inserting junctions into genome
Dec 04 16:04:08 ... writing Genome to disk ...
Writing 169508848 bytes into /data/home/sdarmon/Document/stage-M2/scr/../../results/droso/genome/Genome ; empty space on disk = 3672660127744 bytes ... done
SA size in bytes: 367302890
Dec 04 16:04:09 ... writing Suffix Array to disk ...
Writing 367302890 bytes into /data/home/sdarmon/Document/stage-M2/scr/../../results/droso/genome/SA ; empty space on disk = 3672857923584 bytes ... done
Dec 04 16:04:09 ... writing SAindex to disk
Writing 8 bytes into /data/home/sdarmon/Document/stage-M2/scr/../../results/droso/genome/SAindex ; empty space on disk = 3672882085888 bytes ... done
Writing 112 bytes into /data/home/sdarmon/Document/stage-M2/scr/../../results/droso/genome/SAindex ; empty space on disk = 3672882085888 bytes ... done
Writing 391468371 bytes into /data/home/sdarmon/Document/stage-M2/scr/../../results/droso/genome/SAindex ; empty space on disk = 3672882085888 bytes ... done
Dec 04 16:04:10 ..... finished successfully
DONE: Genome generation, EXITING
